This is pdfTeX, Version 3.141592653-2.6-1.40.24 (TeX Live 2022/Homebrew) (preloaded format=pdflatex 2022.10.3)  17 MAY 2023 14:56
entering extended mode
 restricted \write18 enabled.
 file:line:error style messages enabled.
 %&-line parsing enabled.
**/Users/renatotronofigueras/Desktop/MIT/Subjects/Spring23/16.930/Projects/5/report/hdg_notes.tex
(/Users/renatotronofigueras/Desktop/MIT/Subjects/Spring23/16.930/Projects/5/report/hdg_notes.tex
LaTeX2e <2021-11-15> patch level 1
L3 programming layer <2022-02-24> (/opt/homebrew/Cellar/texlive/20220321_3/share/texmf-dist/tex/latex/base/article.cls
Document Class: article 2021/10/04 v1.4n Standard LaTeX document class
(/opt/homebrew/Cellar/texlive/20220321_3/share/texmf-dist/tex/latex/base/size10.clo
File: size10.clo 2021/10/04 v1.4n Standard LaTeX file (size option)
)
\c@part=\count185
\c@section=\count186
\c@subsection=\count187
\c@subsubsection=\count188
\c@paragraph=\count189
\c@subparagraph=\count190
\c@figure=\count191
\c@table=\count192
\abovecaptionskip=\skip47
\belowcaptionskip=\skip48
\bibindent=\dimen138
) (/opt/homebrew/Cellar/texlive/20220321_3/share/texmf-dist/tex/latex/base/inputenc.sty
Package: inputenc 2021/02/14 v1.3d Input encoding file
\inpenc@prehook=\toks16
\inpenc@posthook=\toks17
) (/opt/homebrew/Cellar/texlive/20220321_3/share/texmf-dist/tex/latex/base/fontenc.sty
Package: fontenc 2021/04/29 v2.0v Standard LaTeX package
) (/opt/homebrew/Cellar/texlive/20220321_3/share/texmf-dist/tex/latex/amsmath/amsmath.sty
Package: amsmath 2021/10/15 v2.17l AMS math features
\@mathmargin=\skip49

For additional information on amsmath, use the `?' option.
(/opt/homebrew/Cellar/texlive/20220321_3/share/texmf-dist/tex/latex/amsmath/amstext.sty
Package: amstext 2021/08/26 v2.01 AMS text
 (/opt/homebrew/Cellar/texlive/20220321_3/share/texmf-dist/tex/latex/amsmath/amsgen.sty
File: amsgen.sty 1999/11/30 v2.0 generic functions
\@emptytoks=\toks18
\ex@=\dimen139
)) (/opt/homebrew/Cellar/texlive/20220321_3/share/texmf-dist/tex/latex/amsmath/amsbsy.sty
Package: amsbsy 1999/11/29 v1.2d Bold Symbols
\pmbraise@=\dimen140
) (/opt/homebrew/Cellar/texlive/20220321_3/share/texmf-dist/tex/latex/amsmath/amsopn.sty
Package: amsopn 2021/08/26 v2.02 operator names
)
\inf@bad=\count193
LaTeX Info: Redefining \frac on input line 234.
\uproot@=\count194
\leftroot@=\count195
LaTeX Info: Redefining \overline on input line 399.
\classnum@=\count196
\DOTSCASE@=\count197
LaTeX Info: Redefining \ldots on input line 496.
LaTeX Info: Redefining \dots on input line 499.
LaTeX Info: Redefining \cdots on input line 620.
\Mathstrutbox@=\box50
\strutbox@=\box51
\big@size=\dimen141
LaTeX Font Info:    Redeclaring font encoding OML on input line 743.
LaTeX Font Info:    Redeclaring font encoding OMS on input line 744.
\macc@depth=\count198
\c@MaxMatrixCols=\count199
\dotsspace@=\muskip16
\c@parentequation=\count266
\dspbrk@lvl=\count267
\tag@help=\toks19
\row@=\count268
\column@=\count269
\maxfields@=\count270
\andhelp@=\toks20
\eqnshift@=\dimen142
\alignsep@=\dimen143
\tagshift@=\dimen144
\tagwidth@=\dimen145
\totwidth@=\dimen146
\lineht@=\dimen147
\@envbody=\toks21
\multlinegap=\skip50
\multlinetaggap=\skip51
\mathdisplay@stack=\toks22
LaTeX Info: Redefining \[ on input line 2938.
LaTeX Info: Redefining \] on input line 2939.
) (/opt/homebrew/Cellar/texlive/20220321_3/share/texmf-dist/tex/latex/amsfonts/amsfonts.sty
Package: amsfonts 2013/01/14 v3.01 Basic AMSFonts support
\symAMSa=\mathgroup4
\symAMSb=\mathgroup5
LaTeX Font Info:    Redeclaring math symbol \hbar on input line 98.
LaTeX Font Info:    Overwriting math alphabet `\mathfrak' in version `bold'
(Font)                  U/euf/m/n --> U/euf/b/n on input line 106.
) (/opt/homebrew/Cellar/texlive/20220321_3/share/texmf-dist/tex/latex/amsfonts/amssymb.sty
Package: amssymb 2013/01/14 v3.01 AMS font symbols
) (/opt/homebrew/Cellar/texlive/20220321_3/share/texmf-dist/tex/latex/hyperref/hyperref.sty
Package: hyperref 2022-02-21 v7.00n Hypertext links for LaTeX
 (/opt/homebrew/Cellar/texlive/20220321_3/share/texmf-dist/tex/generic/ltxcmds/ltxcmds.sty
Package: ltxcmds 2020-05-10 v1.25 LaTeX kernel commands for general use (HO)
) (/opt/homebrew/Cellar/texlive/20220321_3/share/texmf-dist/tex/generic/iftex/iftex.sty
Package: iftex 2022/02/03 v1.0f TeX engine tests
) (/opt/homebrew/Cellar/texlive/20220321_3/share/texmf-dist/tex/generic/pdftexcmds/pdftexcmds.sty
Package: pdftexcmds 2020-06-27 v0.33 Utility functions of pdfTeX for LuaTeX (HO)
 (/opt/homebrew/Cellar/texlive/20220321_3/share/texmf-dist/tex/generic/infwarerr/infwarerr.sty
Package: infwarerr 2019/12/03 v1.5 Providing info/warning/error messages (HO)
)
Package pdftexcmds Info: \pdf@primitive is available.
Package pdftexcmds Info: \pdf@ifprimitive is available.
Package pdftexcmds Info: \pdfdraftmode found.
) (/opt/homebrew/Cellar/texlive/20220321_3/share/texmf-dist/tex/latex/graphics/keyval.sty
Package: keyval 2014/10/28 v1.15 key=value parser (DPC)
\KV@toks@=\toks23
) (/opt/homebrew/Cellar/texlive/20220321_3/share/texmf-dist/tex/generic/kvsetkeys/kvsetkeys.sty
Package: kvsetkeys 2019/12/15 v1.18 Key value parser (HO)
) (/opt/homebrew/Cellar/texlive/20220321_3/share/texmf-dist/tex/generic/kvdefinekeys/kvdefinekeys.sty
Package: kvdefinekeys 2019-12-19 v1.6 Define keys (HO)
) (/opt/homebrew/Cellar/texlive/20220321_3/share/texmf-dist/tex/generic/pdfescape/pdfescape.sty
Package: pdfescape 2019/12/09 v1.15 Implements pdfTeX's escape features (HO)
) (/opt/homebrew/Cellar/texlive/20220321_3/share/texmf-dist/tex/latex/hycolor/hycolor.sty
Package: hycolor 2020-01-27 v1.10 Color options for hyperref/bookmark (HO)
) (/opt/homebrew/Cellar/texlive/20220321_3/share/texmf-dist/tex/latex/letltxmacro/letltxmacro.sty
Package: letltxmacro 2019/12/03 v1.6 Let assignment for LaTeX macros (HO)
) (/opt/homebrew/Cellar/texlive/20220321_3/share/texmf-dist/tex/latex/auxhook/auxhook.sty
Package: auxhook 2019-12-17 v1.6 Hooks for auxiliary files (HO)
) (/opt/homebrew/Cellar/texlive/20220321_3/share/texmf-dist/tex/latex/kvoptions/kvoptions.sty
Package: kvoptions 2020-10-07 v3.14 Key value format for package options (HO)
)
\@linkdim=\dimen148
\Hy@linkcounter=\count271
\Hy@pagecounter=\count272
 (/opt/homebrew/Cellar/texlive/20220321_3/share/texmf-dist/tex/latex/hyperref/pd1enc.def
File: pd1enc.def 2022-02-21 v7.00n Hyperref: PDFDocEncoding definition (HO)
Now handling font encoding PD1 ...
... no UTF-8 mapping file for font encoding PD1
) (/opt/homebrew/Cellar/texlive/20220321_3/share/texmf-dist/tex/generic/intcalc/intcalc.sty
Package: intcalc 2019/12/15 v1.3 Expandable calculations with integers (HO)
) (/opt/homebrew/Cellar/texlive/20220321_3/share/texmf-dist/tex/generic/etexcmds/etexcmds.sty
Package: etexcmds 2019/12/15 v1.7 Avoid name clashes with e-TeX commands (HO)
)
\Hy@SavedSpaceFactor=\count273
 (/opt/homebrew/Cellar/texlive/20220321_3/share/texmf-dist/tex/latex/hyperref/puenc.def
File: puenc.def 2022-02-21 v7.00n Hyperref: PDF Unicode definition (HO)
Now handling font encoding PU ...
... no UTF-8 mapping file for font encoding PU
)
Package hyperref Info: Hyper figures OFF on input line 4137.
Package hyperref Info: Link nesting OFF on input line 4142.
Package hyperref Info: Hyper index ON on input line 4145.
Package hyperref Info: Plain pages OFF on input line 4152.
Package hyperref Info: Backreferencing OFF on input line 4157.
Package hyperref Info: Implicit mode ON; LaTeX internals redefined.
Package hyperref Info: Bookmarks ON on input line 4390.
\c@Hy@tempcnt=\count274
 (/opt/homebrew/Cellar/texlive/20220321_3/share/texmf-dist/tex/latex/url/url.sty
\Urlmuskip=\muskip17
Package: url 2013/09/16  ver 3.4  Verb mode for urls, etc.
)
LaTeX Info: Redefining \url on input line 4749.
\XeTeXLinkMargin=\dimen149
 (/opt/homebrew/Cellar/texlive/20220321_3/share/texmf-dist/tex/generic/bitset/bitset.sty
Package: bitset 2019/12/09 v1.3 Handle bit-vector datatype (HO)
 (/opt/homebrew/Cellar/texlive/20220321_3/share/texmf-dist/tex/generic/bigintcalc/bigintcalc.sty
Package: bigintcalc 2019/12/15 v1.5 Expandable calculations on big integers (HO)
))
\Fld@menulength=\count275
\Field@Width=\dimen150
\Fld@charsize=\dimen151
Package hyperref Info: Hyper figures OFF on input line 6027.
Package hyperref Info: Link nesting OFF on input line 6032.
Package hyperref Info: Hyper index ON on input line 6035.
Package hyperref Info: backreferencing OFF on input line 6042.
Package hyperref Info: Link coloring OFF on input line 6047.
Package hyperref Info: Link coloring with OCG OFF on input line 6052.
Package hyperref Info: PDF/A mode OFF on input line 6057.
LaTeX Info: Redefining \ref on input line 6097.
LaTeX Info: Redefining \pageref on input line 6101.
 (/opt/homebrew/Cellar/texlive/20220321_3/share/texmf-dist/tex/latex/base/atbegshi-ltx.sty
Package: atbegshi-ltx 2021/01/10 v1.0c Emulation of the original atbegshi
package with kernel methods
)
\Hy@abspage=\count276
\c@Item=\count277
\c@Hfootnote=\count278
)
Package hyperref Info: Driver (autodetected): hpdftex.
 (/opt/homebrew/Cellar/texlive/20220321_3/share/texmf-dist/tex/latex/hyperref/hpdftex.def
File: hpdftex.def 2022-02-21 v7.00n Hyperref driver for pdfTeX
 (/opt/homebrew/Cellar/texlive/20220321_3/share/texmf-dist/tex/latex/base/atveryend-ltx.sty
Package: atveryend-ltx 2020/08/19 v1.0a Emulation of the original atveryend package
with kernel methods
)
\Fld@listcount=\count279
\c@bookmark@seq@number=\count280
 (/opt/homebrew/Cellar/texlive/20220321_3/share/texmf-dist/tex/latex/rerunfilecheck/rerunfilecheck.sty
Package: rerunfilecheck 2019/12/05 v1.9 Rerun checks for auxiliary files (HO)
 (/opt/homebrew/Cellar/texlive/20220321_3/share/texmf-dist/tex/generic/uniquecounter/uniquecounter.sty
Package: uniquecounter 2019/12/15 v1.4 Provide unlimited unique counter (HO)
)
Package uniquecounter Info: New unique counter `rerunfilecheck' on input line 286.
)
\Hy@SectionHShift=\skip52
) (/opt/homebrew/Cellar/texlive/20220321_3/share/texmf-dist/tex/latex/graphics/graphicx.sty
Package: graphicx 2021/09/16 v1.2d Enhanced LaTeX Graphics (DPC,SPQR)
 (/opt/homebrew/Cellar/texlive/20220321_3/share/texmf-dist/tex/latex/graphics/graphics.sty
Package: graphics 2021/03/04 v1.4d Standard LaTeX Graphics (DPC,SPQR)
 (/opt/homebrew/Cellar/texlive/20220321_3/share/texmf-dist/tex/latex/graphics/trig.sty
Package: trig 2021/08/11 v1.11 sin cos tan (DPC)
) (/opt/homebrew/Cellar/texlive/20220321_3/share/texmf-dist/tex/latex/graphics-cfg/graphics.cfg
File: graphics.cfg 2016/06/04 v1.11 sample graphics configuration
)
Package graphics Info: Driver file: pdftex.def on input line 107.
 (/opt/homebrew/Cellar/texlive/20220321_3/share/texmf-dist/tex/latex/graphics-def/pdftex.def
File: pdftex.def 2020/10/05 v1.2a Graphics/color driver for pdftex
))
\Gin@req@height=\dimen152
\Gin@req@width=\dimen153
) (/opt/homebrew/Cellar/texlive/20220321_3/share/texmf-dist/tex/latex/float/float.sty
Package: float 2001/11/08 v1.3d Float enhancements (AL)
\c@float@type=\count281
\float@exts=\toks24
\float@box=\box52
\@float@everytoks=\toks25
\@floatcapt=\box53
) (/opt/homebrew/Cellar/texlive/20220321_3/share/texmf-dist/tex/latex/pythonhighlight/pythonhighlight.sty
Package: pythonhighlight 2017/02/09 python code highlighting; provided by Olivier Verdier <olivier.verdier@gmail.com>
 (/opt/homebrew/Cellar/texlive/20220321_3/share/texmf-dist/tex/latex/listings/listings.sty
\lst@mode=\count282
\lst@gtempboxa=\box54
\lst@token=\toks26
\lst@length=\count283
\lst@currlwidth=\dimen154
\lst@column=\count284
\lst@pos=\count285
\lst@lostspace=\dimen155
\lst@width=\dimen156
\lst@newlines=\count286
\lst@lineno=\count287
\lst@maxwidth=\dimen157
 (/opt/homebrew/Cellar/texlive/20220321_3/share/texmf-dist/tex/latex/listings/lstmisc.sty
File: lstmisc.sty 2020/03/24 1.8d (Carsten Heinz)
\c@lstnumber=\count288
\lst@skipnumbers=\count289
\lst@framebox=\box55
) (/opt/homebrew/Cellar/texlive/20220321_3/share/texmf-dist/tex/latex/listings/listings.cfg
File: listings.cfg 2020/03/24 1.8d listings configuration
))
Package: listings 2020/03/24 1.8d (Carsten Heinz)
 (/opt/homebrew/Cellar/texlive/20220321_3/share/texmf-dist/tex/latex/xcolor/xcolor.sty
Package: xcolor 2021/10/31 v2.13 LaTeX color extensions (UK)
 (/opt/homebrew/Cellar/texlive/20220321_3/share/texmf-dist/tex/latex/graphics-cfg/color.cfg
File: color.cfg 2016/01/02 v1.6 sample color configuration
)
Package xcolor Info: Driver file: pdftex.def on input line 227.
Package xcolor Info: Model `cmy' substituted by `cmy0' on input line 1352.
Package xcolor Info: Model `hsb' substituted by `rgb' on input line 1356.
Package xcolor Info: Model `RGB' extended on input line 1368.
Package xcolor Info: Model `HTML' substituted by `rgb' on input line 1370.
Package xcolor Info: Model `Hsb' substituted by `hsb' on input line 1371.
Package xcolor Info: Model `tHsb' substituted by `hsb' on input line 1372.
Package xcolor Info: Model `HSB' substituted by `hsb' on input line 1373.
Package xcolor Info: Model `Gray' substituted by `gray' on input line 1374.
Package xcolor Info: Model `wave' substituted by `hsb' on input line 1375.
)) (/opt/homebrew/Cellar/texlive/20220321_3/share/texmf-dist/tex/generic/babel/babel.sty
Package: babel 2022/02/26 3.73 The Babel package
\babel@savecnt=\count290
\U@D=\dimen158
\l@unhyphenated=\language87
 (/opt/homebrew/Cellar/texlive/20220321_3/share/texmf-dist/tex/generic/babel/txtbabel.def)
\bbl@readstream=\read2
\bbl@dirlevel=\count291
 (/opt/homebrew/Cellar/texlive/20220321_3/share/texmf-dist/tex/generic/babel-english/english.ldf
Language: english 2017/06/06 v3.3r English support from the babel system
Package babel Info: Hyphen rules for 'canadian' set to \l@english
(babel)             (\language0). Reported on input line 102.
Package babel Info: Hyphen rules for 'australian' set to \l@ukenglish
(babel)             (\language21). Reported on input line 105.
Package babel Info: Hyphen rules for 'newzealand' set to \l@ukenglish
(babel)             (\language21). Reported on input line 108.
)) (/opt/homebrew/Cellar/texlive/20220321_3/share/texmf-dist/tex/latex/subfig/subfig.sty
Package: subfig 2005/06/28 ver: 1.3 subfig package
 (/opt/homebrew/Cellar/texlive/20220321_3/share/texmf-dist/tex/latex/caption/caption.sty
Package: caption 2022/03/01 v3.6b Customizing captions (AR)
 (/opt/homebrew/Cellar/texlive/20220321_3/share/texmf-dist/tex/latex/caption/caption3.sty
Package: caption3 2022/03/17 v2.3b caption3 kernel (AR)
\caption@tempdima=\dimen159
\captionmargin=\dimen160
\caption@leftmargin=\dimen161
\caption@rightmargin=\dimen162
\caption@width=\dimen163
\caption@indent=\dimen164
\caption@parindent=\dimen165
\caption@hangindent=\dimen166
Package caption Info: Standard document class detected.
)
\c@caption@flags=\count292
\c@continuedfloat=\count293
Package caption Info: float package is loaded.
Package caption Info: hyperref package is loaded.
Package caption Info: listings package is loaded.
)
\c@KVtest=\count294
\sf@farskip=\skip53
\sf@captopadj=\dimen167
\sf@capskip=\skip54
\sf@nearskip=\skip55
\c@subfigure=\count295
\c@subfigure@save=\count296
\c@lofdepth=\count297
\c@subtable=\count298
\c@subtable@save=\count299
\c@lotdepth=\count300
\sf@top=\skip56
\sf@bottom=\skip57
) (/opt/homebrew/Cellar/texlive/20220321_3/share/texmf-dist/tex/latex/l3backend/l3backend-pdftex.def
File: l3backend-pdftex.def 2022-02-07 L3 backend support: PDF output (pdfTeX)
\l__color_backend_stack_int=\count301
\l__pdf_internal_box=\box56
) (./hdg_notes.aux

LaTeX Warning: Label `f:square_distorted' multiply defined.


LaTeX Warning: Label `sub@f:square_distorted' multiply defined.


LaTeX Warning: Label `f:square_straight' multiply defined.


LaTeX Warning: Label `sub@f:square_straight' multiply defined.


LaTeX Warning: Label `f:square_distorted' multiply defined.


LaTeX Warning: Label `sub@f:square_distorted' multiply defined.


LaTeX Warning: Label `f:square_distorted' multiply defined.


LaTeX Warning: Label `sub@f:square_distorted' multiply defined.


LaTeX Warning: Label `f:square_straight' multiply defined.


LaTeX Warning: Label `sub@f:square_straight' multiply defined.


LaTeX Warning: Label `f:square_distorted' multiply defined.


LaTeX Warning: Label `sub@f:square_distorted' multiply defined.


LaTeX Warning: Label `f:square_distorted' multiply defined.


LaTeX Warning: Label `sub@f:square_distorted' multiply defined.


LaTeX Warning: Label `f:square_straight' multiply defined.


LaTeX Warning: Label `sub@f:square_straight' multiply defined.


LaTeX Warning: Label `f:square_distorted' multiply defined.


LaTeX Warning: Label `sub@f:square_distorted' multiply defined.


LaTeX Warning: Label `f:square_distorted' multiply defined.


LaTeX Warning: Label `sub@f:square_distorted' multiply defined.


LaTeX Warning: Label `f:square_distorted' multiply defined.


LaTeX Warning: Label `sub@f:square_distorted' multiply defined.


LaTeX Warning: Label `f:square_distorted' multiply defined.


LaTeX Warning: Label `sub@f:square_distorted' multiply defined.


LaTeX Warning: Label `f:square_distorted' multiply defined.


LaTeX Warning: Label `sub@f:square_distorted' multiply defined.


LaTeX Warning: Label `f:square_straight' multiply defined.


LaTeX Warning: Label `sub@f:square_straight' multiply defined.


LaTeX Warning: Label `f:square_distorted' multiply defined.


LaTeX Warning: Label `sub@f:square_distorted' multiply defined.


LaTeX Warning: Label `f:square_distorted' multiply defined.


LaTeX Warning: Label `sub@f:square_distorted' multiply defined.


LaTeX Warning: Label `f:square_distorted' multiply defined.


LaTeX Warning: Label `sub@f:square_distorted' multiply defined.


LaTeX Warning: Label `f:square_distorted' multiply defined.


LaTeX Warning: Label `sub@f:square_distorted' multiply defined.


LaTeX Warning: Label `f:square_distorted' multiply defined.


LaTeX Warning: Label `sub@f:square_distorted' multiply defined.


LaTeX Warning: Label `f:square_straight' multiply defined.


LaTeX Warning: Label `sub@f:square_straight' multiply defined.


LaTeX Warning: Label `f:square_distorted' multiply defined.


LaTeX Warning: Label `sub@f:square_distorted' multiply defined.


LaTeX Warning: Label `f:square_distorted' multiply defined.


LaTeX Warning: Label `sub@f:square_distorted' multiply defined.


LaTeX Warning: Label `f:square_distorted' multiply defined.


LaTeX Warning: Label `sub@f:square_distorted' multiply defined.


LaTeX Warning: Label `f:square_distorted' multiply defined.


LaTeX Warning: Label `sub@f:square_distorted' multiply defined.


LaTeX Warning: Label `f:square_distorted' multiply defined.


LaTeX Warning: Label `sub@f:square_distorted' multiply defined.

)
\openout1 = `hdg_notes.aux'.

LaTeX Font Info:    Checking defaults for OML/cmm/m/it on input line 22.
LaTeX Font Info:    ... okay on input line 22.
LaTeX Font Info:    Checking defaults for OMS/cmsy/m/n on input line 22.
LaTeX Font Info:    ... okay on input line 22.
LaTeX Font Info:    Checking defaults for OT1/cmr/m/n on input line 22.
LaTeX Font Info:    ... okay on input line 22.
LaTeX Font Info:    Checking defaults for T1/cmr/m/n on input line 22.
LaTeX Font Info:    ... okay on input line 22.
LaTeX Font Info:    Checking defaults for TS1/cmr/m/n on input line 22.
LaTeX Font Info:    ... okay on input line 22.
LaTeX Font Info:    Checking defaults for OMX/cmex/m/n on input line 22.
LaTeX Font Info:    ... okay on input line 22.
LaTeX Font Info:    Checking defaults for U/cmr/m/n on input line 22.
LaTeX Font Info:    ... okay on input line 22.
LaTeX Font Info:    Checking defaults for PD1/pdf/m/n on input line 22.
LaTeX Font Info:    ... okay on input line 22.
LaTeX Font Info:    Checking defaults for PU/pdf/m/n on input line 22.
LaTeX Font Info:    ... okay on input line 22.
Package hyperref Info: Link coloring OFF on input line 22.
 (/opt/homebrew/Cellar/texlive/20220321_3/share/texmf-dist/tex/latex/hyperref/nameref.sty
Package: nameref 2021-04-02 v2.47 Cross-referencing by name of section
 (/opt/homebrew/Cellar/texlive/20220321_3/share/texmf-dist/tex/latex/refcount/refcount.sty
Package: refcount 2019/12/15 v3.6 Data extraction from label references (HO)
) (/opt/homebrew/Cellar/texlive/20220321_3/share/texmf-dist/tex/generic/gettitlestring/gettitlestring.sty
Package: gettitlestring 2019/12/15 v1.6 Cleanup title references (HO)
)
\c@section@level=\count302
)
LaTeX Info: Redefining \ref on input line 22.
LaTeX Info: Redefining \pageref on input line 22.
LaTeX Info: Redefining \nameref on input line 22.
 (./hdg_notes.out) (./hdg_notes.out)
\@outlinefile=\write3
\openout3 = `hdg_notes.out'.

 (/opt/homebrew/Cellar/texlive/20220321_3/share/texmf-dist/tex/context/base/mkii/supp-pdf.mkii
[Loading MPS to PDF converter (version 2006.09.02).]
\scratchcounter=\count303
\scratchdimen=\dimen168
\scratchbox=\box57
\nofMPsegments=\count304
\nofMParguments=\count305
\everyMPshowfont=\toks27
\MPscratchCnt=\count306
\MPscratchDim=\dimen169
\MPnumerator=\count307
\makeMPintoPDFobject=\count308
\everyMPtoPDFconversion=\toks28
) (/opt/homebrew/Cellar/texlive/20220321_3/share/texmf-dist/tex/latex/epstopdf-pkg/epstopdf-base.sty
Package: epstopdf-base 2020-01-24 v2.11 Base part for package epstopdf
Package epstopdf-base Info: Redefining graphics rule for `.eps' on input line 485.
 (/opt/homebrew/Cellar/texlive/20220321_3/share/texmf-dist/tex/latex/latexconfig/epstopdf-sys.cfg
File: epstopdf-sys.cfg 2010/07/13 v1.3 Configuration of (r)epstopdf for TeX Live
))
\c@lstlisting=\count309
Package caption Info: Begin \AtBeginDocument code.
Package caption Info: subfig package v1.3 is loaded.
Package caption Info: End \AtBeginDocument code.
 [1

{/opt/homebrew/Cellar/texlive/20220321_3/share/texmf-dist/fonts/map/pdftex/updmap/pdftex.map}]
Overfull \hbox (18.61351pt too wide) in paragraph at lines 49--49
[][]\T1/cmr/bx/n/14.4 HDG For-mu-la-tion for the Convection-Diffusion Prob-
 []

LaTeX Font Info:    Trying to load font information for U+msa on input line 57.
(/opt/homebrew/Cellar/texlive/20220321_3/share/texmf-dist/tex/latex/amsfonts/umsa.fd
File: umsa.fd 2013/01/14 v3.01 AMS symbols A
)
LaTeX Font Info:    Trying to load font information for U+msb on input line 57.
 (/opt/homebrew/Cellar/texlive/20220321_3/share/texmf-dist/tex/latex/amsfonts/umsb.fd
File: umsb.fd 2013/01/14 v3.01 AMS symbols B
)
Overfull \hbox (79.0168pt too wide) detected at line 109
[][]\OT1/cmr/m/n/10 (\OT1/cmr/bx/n/10 q[]\OML/cmm/m/it/10 ; \OMS/cmsy/m/n/10 r\OML/cmm/m/it/10 w\OT1/cmr/m/n/10 )[] \OMS/cmsy/m/n/10 ^^@ \OT1/cmr/m/n/10 (\OT1/cmr/bx/n/10 c\OML/cmm/m/it/10 u[]; \OMS/cmsy/m/n/10 r\OML/cmm/m/it/10 w\OT1/cmr/m/n/10 )[] \OMS/cmsy/m/n/10 ^^@ [][] \OT1/cmr/m/n/10 + [][] + [][] = (\OML/cmm/m/it/10 f; w\OT1/cmr/m/n/10 )[]\OML/cmm/m/it/10 ;  \OMS/cmsy/m/n/10 8\OML/cmm/m/it/10 w \OMS/cmsy/m/n/10 2 P[]\OT1/cmr/m/n/10 (\OML/cmm/m/it/10 K\OT1/cmr/m/n/10 )
 []

[2] [3]
<uh_1.pdf, id=58, 433.62pt x 289.08pt>
File: uh_1.pdf Graphic file (type pdf)
<use uh_1.pdf>
Package pdftex.def Info: uh_1.pdf  used on input line 240.
(pdftex.def)             Requested size: 113.85063pt x 75.90007pt.
<qh_1.pdf, id=59, 433.62pt x 289.08pt>
File: qh_1.pdf Graphic file (type pdf)
<use qh_1.pdf>
Package pdftex.def Info: qh_1.pdf  used on input line 243.
(pdftex.def)             Requested size: 113.85063pt x 75.90007pt.
<ustarh_1.pdf, id=60, 433.62pt x 289.08pt>
File: ustarh_1.pdf Graphic file (type pdf)
<use ustarh_1.pdf>
Package pdftex.def Info: ustarh_1.pdf  used on input line 246.
(pdftex.def)             Requested size: 113.85063pt x 75.90007pt.

Overfull \hbox (9.88197pt too wide) in paragraph at lines 240--247
 [][][][][][] 
 []

[4]
<uh_1_h.pdf, id=74, 433.62pt x 289.08pt>
File: uh_1_h.pdf Graphic file (type pdf)
<use uh_1_h.pdf>
Package pdftex.def Info: uh_1_h.pdf  used on input line 255.
(pdftex.def)             Requested size: 113.85063pt x 75.90007pt.
<qh_1_h.pdf, id=75, 433.62pt x 289.08pt>
File: qh_1_h.pdf Graphic file (type pdf)
<use qh_1_h.pdf>
Package pdftex.def Info: qh_1_h.pdf  used on input line 258.
(pdftex.def)             Requested size: 113.85063pt x 75.90007pt.
<ustarh_1_h.pdf, id=76, 433.62pt x 289.08pt>
File: ustarh_1_h.pdf Graphic file (type pdf)
<use ustarh_1_h.pdf>
Package pdftex.def Info: ustarh_1_h.pdf  used on input line 261.
(pdftex.def)             Requested size: 113.85063pt x 75.90007pt.

Overfull \hbox (6.54945pt too wide) in paragraph at lines 255--262
 [][][][][][] 
 []

<uh_h.pdf, id=77, 433.62pt x 289.08pt>
File: uh_h.pdf Graphic file (type pdf)
<use uh_h.pdf>
Package pdftex.def Info: uh_h.pdf  used on input line 270.
(pdftex.def)             Requested size: 113.85063pt x 75.90007pt.
<qh_h.pdf, id=78, 433.62pt x 289.08pt>
File: qh_h.pdf Graphic file (type pdf)
<use qh_h.pdf>
Package pdftex.def Info: qh_h.pdf  used on input line 273.
(pdftex.def)             Requested size: 113.85063pt x 75.90007pt.
<ustarh_h.pdf, id=79, 433.62pt x 289.08pt>
File: ustarh_h.pdf Graphic file (type pdf)
<use ustarh_h.pdf>
Package pdftex.def Info: ustarh_h.pdf  used on input line 276.
(pdftex.def)             Requested size: 113.85063pt x 75.90007pt.

Overfull \hbox (6.54945pt too wide) in paragraph at lines 270--277
 [][][][][][] 
 []


Overfull \hbox (8.97214pt too wide) in paragraph at lines 285--285
\T1/cmr/bx/n/14.4 Post-pro-cessed So-lu-tion for the Convection-Diffusion
 []

[5 <./uh_1.pdf> <./qh_1.pdf> <./ustarh_1.pdf> <./uh_1_h.pdf> <./qh_1_h.pdf> <./ustarh_1_h.pdf> <./uh_h.pdf> <./qh_h.pdf> <./ustarh_h.pdf>]
<uh_c_1.0_4.pdf, id=466, 433.62pt x 289.08pt>
File: uh_c_1.0_4.pdf Graphic file (type pdf)
<use uh_c_1.0_4.pdf>
Package pdftex.def Info: uh_c_1.0_4.pdf  used on input line 297.
(pdftex.def)             Requested size: 172.5pt x 114.99918pt.
<ustarh_c_1.0_4.pdf, id=467, 433.62pt x 289.08pt>
File: ustarh_c_1.0_4.pdf Graphic file (type pdf)
<use ustarh_c_1.0_4.pdf>
Package pdftex.def Info: ustarh_c_1.0_4.pdf  used on input line 300.
(pdftex.def)             Requested size: 172.5pt x 114.99918pt.

Overfull \hbox (6.66504pt too wide) in paragraph at lines 297--300
 [][][][] 
 []

<uh_c_1.0_8.pdf, id=468, 433.62pt x 289.08pt>
File: uh_c_1.0_8.pdf Graphic file (type pdf)
<use uh_c_1.0_8.pdf>
Package pdftex.def Info: uh_c_1.0_8.pdf  used on input line 303.
(pdftex.def)             Requested size: 172.5pt x 114.99918pt.
<ustarh_c_1.0_8.pdf, id=469, 433.62pt x 289.08pt>
File: ustarh_c_1.0_8.pdf Graphic file (type pdf)
<use ustarh_c_1.0_8.pdf>
Package pdftex.def Info: ustarh_c_1.0_8.pdf  used on input line 306.
(pdftex.def)             Requested size: 172.5pt x 114.99918pt.

Overfull \hbox (6.66504pt too wide) in paragraph at lines 303--306
 [][][][] 
 []

<uh_c_1.0_16.pdf, id=470, 433.62pt x 289.08pt>
File: uh_c_1.0_16.pdf Graphic file (type pdf)
<use uh_c_1.0_16.pdf>
Package pdftex.def Info: uh_c_1.0_16.pdf  used on input line 309.
(pdftex.def)             Requested size: 172.5pt x 114.99918pt.
<ustarh_c_1.0_16.pdf, id=471, 433.62pt x 289.08pt>
File: ustarh_c_1.0_16.pdf Graphic file (type pdf)
<use ustarh_c_1.0_16.pdf>
Package pdftex.def Info: ustarh_c_1.0_16.pdf  used on input line 312.
(pdftex.def)             Requested size: 172.5pt x 114.99918pt.

Overfull \hbox (6.66504pt too wide) in paragraph at lines 309--313
 [][][][] 
 []

<uh_c_10_4.pdf, id=472, 433.62pt x 289.08pt>
File: uh_c_10_4.pdf Graphic file (type pdf)
<use uh_c_10_4.pdf>
Package pdftex.def Info: uh_c_10_4.pdf  used on input line 321.
(pdftex.def)             Requested size: 172.5pt x 114.99918pt.
<ustarh_c_10_4.pdf, id=473, 433.62pt x 289.08pt>
File: ustarh_c_10_4.pdf Graphic file (type pdf)
<use ustarh_c_10_4.pdf>
Package pdftex.def Info: ustarh_c_10_4.pdf  used on input line 324.
(pdftex.def)             Requested size: 172.5pt x 114.99918pt.

Overfull \hbox (6.66504pt too wide) in paragraph at lines 321--324
 [][][][] 
 []

<uh_c_10_8.pdf, id=474, 433.62pt x 289.08pt>
File: uh_c_10_8.pdf Graphic file (type pdf)
<use uh_c_10_8.pdf>
Package pdftex.def Info: uh_c_10_8.pdf  used on input line 327.
(pdftex.def)             Requested size: 172.5pt x 114.99918pt.
<ustarh_c_10_8.pdf, id=475, 433.62pt x 289.08pt>
File: ustarh_c_10_8.pdf Graphic file (type pdf)
<use ustarh_c_10_8.pdf>
Package pdftex.def Info: ustarh_c_10_8.pdf  used on input line 330.
(pdftex.def)             Requested size: 172.5pt x 114.99918pt.

Overfull \hbox (6.66504pt too wide) in paragraph at lines 327--330
 [][][][] 
 []

<uh_c_10_16.pdf, id=476, 433.62pt x 289.08pt>
File: uh_c_10_16.pdf Graphic file (type pdf)
<use uh_c_10_16.pdf>
Package pdftex.def Info: uh_c_10_16.pdf  used on input line 333.
(pdftex.def)             Requested size: 172.5pt x 114.99918pt.
<ustarh_c_10_16.pdf, id=477, 433.62pt x 289.08pt>
File: ustarh_c_10_16.pdf Graphic file (type pdf)
<use ustarh_c_10_16.pdf>
Package pdftex.def Info: ustarh_c_10_16.pdf  used on input line 336.
(pdftex.def)             Requested size: 172.5pt x 114.99918pt.

Overfull \hbox (6.66504pt too wide) in paragraph at lines 333--337
 [][][][] 
 []

[6 <./uh_c_1.0_4.pdf> <./ustarh_c_1.0_4.pdf> <./uh_c_1.0_8.pdf> <./ustarh_c_1.0_8.pdf> <./uh_c_1.0_16.pdf> <./ustarh_c_1.0_16.pdf>]
<uh_c_100_8.pdf, id=683, 433.62pt x 289.08pt>
File: uh_c_100_8.pdf Graphic file (type pdf)
<use uh_c_100_8.pdf>
Package pdftex.def Info: uh_c_100_8.pdf  used on input line 345.
(pdftex.def)             Requested size: 172.5pt x 114.99918pt.
<ustarh_c_100_8.pdf, id=684, 433.62pt x 289.08pt>
File: ustarh_c_100_8.pdf Graphic file (type pdf)
<use ustarh_c_100_8.pdf>
Package pdftex.def Info: ustarh_c_100_8.pdf  used on input line 348.
(pdftex.def)             Requested size: 172.5pt x 114.99918pt.

Overfull \hbox (6.66504pt too wide) in paragraph at lines 345--348
 [][][][] 
 []

<uh_c_100_16.pdf, id=685, 433.62pt x 289.08pt>
File: uh_c_100_16.pdf Graphic file (type pdf)
<use uh_c_100_16.pdf>
Package pdftex.def Info: uh_c_100_16.pdf  used on input line 351.
(pdftex.def)             Requested size: 172.5pt x 114.99918pt.
<ustarh_c_100_16.pdf, id=686, 433.62pt x 289.08pt>
File: ustarh_c_100_16.pdf Graphic file (type pdf)
<use ustarh_c_100_16.pdf>
Package pdftex.def Info: ustarh_c_100_16.pdf  used on input line 354.
(pdftex.def)             Requested size: 172.5pt x 114.99918pt.

Overfull \hbox (6.66504pt too wide) in paragraph at lines 351--354
 [][][][] 
 []

<uh_c_100_32.pdf, id=687, 433.62pt x 289.08pt>
File: uh_c_100_32.pdf Graphic file (type pdf)
<use uh_c_100_32.pdf>
Package pdftex.def Info: uh_c_100_32.pdf  used on input line 357.
(pdftex.def)             Requested size: 172.5pt x 114.99918pt.
<ustarh_c_100_32.pdf, id=688, 433.62pt x 289.08pt>
File: ustarh_c_100_32.pdf Graphic file (type pdf)
<use ustarh_c_100_32.pdf>
Package pdftex.def Info: ustarh_c_100_32.pdf  used on input line 360.
(pdftex.def)             Requested size: 172.5pt x 114.99918pt.

Overfull \hbox (6.66504pt too wide) in paragraph at lines 357--361
 [][][][] 
 []

[7 <./uh_c_10_4.pdf> <./ustarh_c_10_4.pdf> <./uh_c_10_8.pdf> <./ustarh_c_10_8.pdf> <./uh_c_10_16.pdf> <./ustarh_c_10_16.pdf>] [8 <./uh_c_100_8.pdf> <./ustarh_c_100_8.pdf> <./uh_c_100_16.pdf> <./ustarh_c_100_16.pdf> <./uh_c_100_32.pdf> <./ustarh_c_100_32.pdf>] [9] [10] (./hdg_notes.aux)

LaTeX Warning: There were multiply-defined labels.

Package rerunfilecheck Info: File `hdg_notes.out' has not changed.
(rerunfilecheck)             Checksum: D41D8CD98F00B204E9800998ECF8427E;0.
 ) 
Here is how much of TeX's memory you used:
 14108 strings out of 478268
 227089 string characters out of 5835366
 535204 words of memory out of 5000000
 32026 multiletter control sequences out of 15000+600000
 483888 words of font info for 64 fonts, out of 8000000 for 9000
 1141 hyphenation exceptions out of 8191
 69i,12n,79p,541b,480s stack positions out of 10000i,1000n,20000p,200000b,200000s
{/opt/homebrew/Cellar/texlive/20220321_3/share/texmf-dist/fonts/enc/dvips/cm-super/cm-super-t1.enc}</opt/homebrew/Cellar/texlive/20220321_3/share/texmf-dist/fonts/type1/public/amsfonts/cm/cmbx10.pfb></opt/homebrew/Cellar/texlive/20220321_3/share/texmf-dist/fonts/type1/public/amsfonts/cm/cmbx8.pfb></opt/homebrew/Cellar/texlive/20220321_3/share/texmf-dist/fonts/type1/public/amsfonts/cm/cmex10.pfb></opt/homebrew/Cellar/texlive/20220321_3/share/texmf-dist/fonts/type1/public/amsfonts/cm/cmmi10.pfb></opt/homebrew/Cellar/texlive/20220321_3/share/texmf-dist/fonts/type1/public/amsfonts/cm/cmmi5.pfb></opt/homebrew/Cellar/texlive/20220321_3/share/texmf-dist/fonts/type1/public/amsfonts/cm/cmmi6.pfb></opt/homebrew/Cellar/texlive/20220321_3/share/texmf-dist/fonts/type1/public/amsfonts/cm/cmmi7.pfb></opt/homebrew/Cellar/texlive/20220321_3/share/texmf-dist/fonts/type1/public/amsfonts/cm/cmmi8.pfb></opt/homebrew/Cellar/texlive/20220321_3/share/texmf-dist/fonts/type1/public/amsfonts/cm/cmr10.pfb></opt/homebrew/Cellar/texlive/20220321_3/share/texmf-dist/fonts/type1/public/amsfonts/cm/cmr7.pfb></opt/homebrew/Cellar/texlive/20220321_3/share/texmf-dist/fonts/type1/public/amsfonts/cm/cmsy10.pfb></opt/homebrew/Cellar/texlive/20220321_3/share/texmf-dist/fonts/type1/public/amsfonts/cm/cmsy6.pfb></opt/homebrew/Cellar/texlive/20220321_3/share/texmf-dist/fonts/type1/public/amsfonts/cm/cmsy7.pfb></opt/homebrew/Cellar/texlive/20220321_3/share/texmf-dist/fonts/type1/public/amsfonts/symbols/msbm10.pfb></opt/homebrew/Cellar/texlive/20220321_3/share/texmf-dist/fonts/type1/public/cm-super/sfbx1000.pfb></opt/homebrew/Cellar/texlive/20220321_3/share/texmf-dist/fonts/type1/public/cm-super/sfbx1200.pfb></opt/homebrew/Cellar/texlive/20220321_3/share/texmf-dist/fonts/type1/public/cm-super/sfbx1440.pfb></opt/homebrew/Cellar/texlive/20220321_3/share/texmf-dist/fonts/type1/public/cm-super/sfcc1440.pfb></opt/homebrew/Cellar/texlive/20220321_3/share/texmf-dist/fonts/type1/public/cm-super/sfrm0700.pfb></opt/homebrew/Cellar/texlive/20220321_3/share/texmf-dist/fonts/type1/public/cm-super/sfrm0800.pfb></opt/homebrew/Cellar/texlive/20220321_3/share/texmf-dist/fonts/type1/public/cm-super/sfrm1000.pfb></opt/homebrew/Cellar/texlive/20220321_3/share/texmf-dist/fonts/type1/public/cm-super/sfrm1440.pfb></opt/homebrew/Cellar/texlive/20220321_3/share/texmf-dist/fonts/type1/public/cm-super/sfti1000.pfb>
Output written on hdg_notes.pdf (10 pages, 21805842 bytes).
PDF statistics:
 1240 PDF objects out of 1440 (max. 8388607)
 400 compressed objects within 4 object streams
 90 named destinations out of 1000 (max. 500000)
 136 words of extra memory for PDF output out of 10000 (max. 10000000)

